<?xml version="1.0" encoding="UTF-8"?>
<!-- Generated by org.testng.reporters.JUnitReportReporter -->
<testsuite skipped="1" hostname="DESKTOP-62MRE9R" name="santosh1.Rediffmail$RediffMail" tests="2" failures="0" timestamp="2021-11-30T16:00:49 IST" time="4.399" errors="1">
  <testcase name="test1" time="0.000" classname="santosh1.Rediffmail$RediffMail">
    <skipped/>
  </testcase> <!-- test1 -->
  <system-out/>
  <testcase name="beforeClass" time="4.399" classname="santosh1.Rediffmail$RediffMail">
    <error type="org.openqa.selenium.SessionNotCreatedException" message="session not created: This version of ChromeDriver only supports Chrome version 94
Current browser version is 96.0.4664.45 with binary path C:\Program Files (x86)\Google\Chrome\Application\chrome.exe
Build info: version: &#039;3.141.59&#039;, revision: &#039;e82be7d358&#039;, time: &#039;2018-11-14T08:25:48&#039;
System info: host: &#039;DESKTOP-62MRE9R&#039;, ip: &#039;192.168.0.104&#039;, os.name: &#039;Windows 10&#039;, os.arch: &#039;amd64&#039;, os.version: &#039;10.0&#039;, java.version: &#039;1.8.0_301&#039;
Driver info: driver.version: ChromeDriver
remote stacktrace: Backtrace:
	Ordinal0 [0x00FEBDE3+2473443]
	Ordinal0 [0x00F86661+2057825]
	Ordinal0 [0x00E92438+1057848]
	Ordinal0 [0x00EB054A+1181002]
	Ordinal0 [0x00EAC435+1164341]
	Ordinal0 [0x00EA9CAF+1154223]
	Ordinal0 [0x00ED9ADF+1350367]
	Ordinal0 [0x00ED974A+1349450]
	Ordinal0 [0x00ED55AB+1332651]
	Ordinal0 [0x00EB2104+1188100]
	Ordinal0 [0x00EB2F59+1191769]
	GetHandleVerifier [0x01172266+1549718]
	GetHandleVerifier [0x0121D4A7+2250711]
	GetHandleVerifier [0x0107718B+521403]
	GetHandleVerifier [0x01076229+517465]
	Ordinal0 [0x00F8B79D+2078621]
	Ordinal0 [0x00F8FB58+2095960]
	Ordinal0 [0x00F8FC92+2096274]
	Ordinal0 [0x00F99541+2135361]
	BaseThreadInitThunk [0x759CFA29+25]
	RtlGetAppContainerNamedObjectPath [0x77B07A9E+286]
	RtlGetAppContainerNamedObjectPath [0x77B07A6E+238]
">
      <![CDATA[org.openqa.selenium.SessionNotCreatedException: session not created: This version of ChromeDriver only supports Chrome version 94
Current browser version is 96.0.4664.45 with binary path C:\Program Files (x86)\Google\Chrome\Application\chrome.exe
Build info: version: '3.141.59', revision: 'e82be7d358', time: '2018-11-14T08:25:48'
System info: host: 'DESKTOP-62MRE9R', ip: '192.168.0.104', os.name: 'Windows 10', os.arch: 'amd64', os.version: '10.0', java.version: '1.8.0_301'
Driver info: driver.version: ChromeDriver
remote stacktrace: Backtrace:
Ordinal0 [0x00FEBDE3+2473443]
Ordinal0 [0x00F86661+2057825]
Ordinal0 [0x00E92438+1057848]
Ordinal0 [0x00EB054A+1181002]
Ordinal0 [0x00EAC435+1164341]
Ordinal0 [0x00EA9CAF+1154223]
Ordinal0 [0x00ED9ADF+1350367]
Ordinal0 [0x00ED974A+1349450]
Ordinal0 [0x00ED55AB+1332651]
Ordinal0 [0x00EB2104+1188100]
Ordinal0 [0x00EB2F59+1191769]
GetHandleVerifier [0x01172266+1549718]
GetHandleVerifier [0x0121D4A7+2250711]
GetHandleVerifier [0x0107718B+521403]
GetHandleVerifier [0x01076229+517465]
Ordinal0 [0x00F8B79D+2078621]
Ordinal0 [0x00F8FB58+2095960]
Ordinal0 [0x00F8FC92+2096274]
Ordinal0 [0x00F99541+2135361]
BaseThreadInitThunk [0x759CFA29+25]
RtlGetAppContainerNamedObjectPath [0x77B07A9E+286]
RtlGetAppContainerNamedObjectPath [0x77B07A6E+238]

at sun.reflect.NativeConstructorAccessorImpl.newInstance0(Native Method)
at sun.reflect.NativeConstructorAccessorImpl.newInstance(Unknown Source)
at sun.reflect.DelegatingConstructorAccessorImpl.newInstance(Unknown Source)
at java.lang.reflect.Constructor.newInstance(Unknown Source)
at org.openqa.selenium.remote.W3CHandshakeResponse.lambda$errorHandler$0(W3CHandshakeResponse.java:62)
at org.openqa.selenium.remote.HandshakeResponse.lambda$getResponseFunction$0(HandshakeResponse.java:30)
at org.openqa.selenium.remote.ProtocolHandshake.lambda$createSession$0(ProtocolHandshake.java:126)
at java.util.stream.ReferencePipeline$3$1.accept(Unknown Source)
at java.util.Spliterators$ArraySpliterator.tryAdvance(Unknown Source)
at java.util.stream.ReferencePipeline.forEachWithCancel(Unknown Source)
at java.util.stream.AbstractPipeline.copyIntoWithCancel(Unknown Source)
at java.util.stream.AbstractPipeline.copyInto(Unknown Source)
at java.util.stream.AbstractPipeline.wrapAndCopyInto(Unknown Source)
at java.util.stream.FindOps$FindOp.evaluateSequential(Unknown Source)
at java.util.stream.AbstractPipeline.evaluate(Unknown Source)
at java.util.stream.ReferencePipeline.findFirst(Unknown Source)
at org.openqa.selenium.remote.ProtocolHandshake.createSession(ProtocolHandshake.java:128)
at org.openqa.selenium.remote.ProtocolHandshake.createSession(ProtocolHandshake.java:74)
at org.openqa.selenium.remote.HttpCommandExecutor.execute(HttpCommandExecutor.java:136)
at org.openqa.selenium.remote.service.DriverCommandExecutor.execute(DriverCommandExecutor.java:83)
at org.openqa.selenium.remote.RemoteWebDriver.execute(RemoteWebDriver.java:552)
at org.openqa.selenium.remote.RemoteWebDriver.startSession(RemoteWebDriver.java:213)
at org.openqa.selenium.remote.RemoteWebDriver.<init>(RemoteWebDriver.java:131)
at org.openqa.selenium.chrome.ChromeDriver.<init>(ChromeDriver.java:181)
at org.openqa.selenium.chrome.ChromeDriver.<init>(ChromeDriver.java:168)
at org.openqa.selenium.chrome.ChromeDriver.<init>(ChromeDriver.java:123)
at basePackage.BaseClass.driverInitialization(BaseClass.java:31)
at santosh1.Rediffmail$RediffMail.beforeClass(Rediffmail.java:23)
at sun.reflect.NativeMethodAccessorImpl.invoke0(Native Method)
at sun.reflect.NativeMethodAccessorImpl.invoke(Unknown Source)
at sun.reflect.DelegatingMethodAccessorImpl.invoke(Unknown Source)
at java.lang.reflect.Method.invoke(Unknown Source)
at org.testng.internal.MethodInvocationHelper.invokeMethod(MethodInvocationHelper.java:133)
at org.testng.internal.MethodInvocationHelper.invokeMethodConsideringTimeout(MethodInvocationHelper.java:62)
at org.testng.internal.ConfigInvoker.invokeConfigurationMethod(ConfigInvoker.java:385)
at org.testng.internal.ConfigInvoker.invokeConfigurations(ConfigInvoker.java:321)
at org.testng.internal.TestMethodWorker.invokeBeforeClassMethods(TestMethodWorker.java:176)
at org.testng.internal.TestMethodWorker.run(TestMethodWorker.java:122)
at java.util.ArrayList.forEach(Unknown Source)
at org.testng.TestRunner.privateRun(TestRunner.java:794)
at org.testng.TestRunner.run(TestRunner.java:596)
at org.testng.SuiteRunner.runTest(SuiteRunner.java:377)
at org.testng.SuiteRunner.runSequentially(SuiteRunner.java:371)
at org.testng.SuiteRunner.privateRun(SuiteRunner.java:332)
at org.testng.SuiteRunner.run(SuiteRunner.java:276)
at org.testng.SuiteRunnerWorker.runSuite(SuiteRunnerWorker.java:53)
at org.testng.SuiteRunnerWorker.run(SuiteRunnerWorker.java:96)
at org.testng.TestNG.runSuitesSequentially(TestNG.java:1212)
at org.testng.TestNG.runSuitesLocally(TestNG.java:1134)
at org.testng.TestNG.runSuites(TestNG.java:1063)
at org.testng.TestNG.run(TestNG.java:1031)
at org.testng.remote.AbstractRemoteTestNG.run(AbstractRemoteTestNG.java:115)
at org.testng.remote.RemoteTestNG.initAndRun(RemoteTestNG.java:251)
at org.testng.remote.RemoteTestNG.main(RemoteTestNG.java:77)
]]>
    </error>
  </testcase> <!-- beforeClass -->
  <system-out/>
</testsuite> <!-- santosh1.Rediffmail$RediffMail -->
